-------------------------------------------------------------------------------
Test set: com.example.demo.DemoApplicationTests
-------------------------------------------------------------------------------
Tests run: 1, Failures: 0, Errors: 1, Skipped: 0, Time elapsed: 4.529 s <<< FAILURE! - in com.example.demo.DemoApplicationTests
contextLoads  Time elapsed: 1.429 s  <<< ERROR!
java.lang.NullPointerException
	at com.example.demo.DemoApplicationTests.contextLoads(DemoApplicationTests.java:20)

